<?xml version="1.0" encoding="UTF-8"?>
<!-- Generated by org.testng.reporters.JUnitXMLReporter -->
<testsuite hostname="Shiva" ignored="0" name="Test" tests="4" failures="0" timestamp="2022-01-02T17:23:09 IST" time="334.638" errors="0">
  <testcase name="browserLaunch" time="331.924" classname="demo.project_today.LaunchBrowser"/>
  <testcase name="demo3" time="0.003" classname="demo.project_today.TestDemo3"/>
  <testcase name="demo2" time="0.135" classname="demo.project_today.TestDemo2"/>
  <testcase name="demo1" time="0.003" classname="demo.project_today.TestDemo1"/>
</testsuite> <!-- Test -->
