<?xml version="1.0" encoding="UTF-8"?>
<testng-results skipped="0" failed="0" ignored="0" total="4" passed="4">
  <reporter-output>
  </reporter-output>
  <suite name="Suite" duration-ms="334638" started-at="2022-01-02T17:17:31 IST" finished-at="2022-01-02T17:23:06 IST">
    <groups>
    </groups>
    <test name="Test" duration-ms="334638" started-at="2022-01-02T17:17:31 IST" finished-at="2022-01-02T17:23:06 IST">
      <class name="demo.project_today.TestDemo2">
        <test-method status="PASS" signature="demo2()[pri:0, instance:demo.project_today.TestDemo2@305fd85d]" name="demo2" duration-ms="135" started-at="2022-01-02T17:23:06 IST" finished-at="2022-01-02T17:23:06 IST">
          <reporter-output>
          </reporter-output>
        </test-method> <!-- demo2 -->
      </class> <!-- demo.project_today.TestDemo2 -->
      <class name="demo.project_today.TestDemo1">
        <test-method status="PASS" signature="demo1()[pri:0, instance:demo.project_today.TestDemo1@458c1321]" name="demo1" duration-ms="3" started-at="2022-01-02T17:23:06 IST" finished-at="2022-01-02T17:23:06 IST">
          <reporter-output>
          </reporter-output>
        </test-method> <!-- demo1 -->
      </class> <!-- demo.project_today.TestDemo1 -->
      <class name="demo.project_today.LaunchBrowser">
        <test-method status="PASS" signature="browserLaunch()[pri:0, instance:demo.project_today.LaunchBrowser@2d8f65a4]" name="browserLaunch" duration-ms="331924" started-at="2022-01-02T17:17:31 IST" finished-at="2022-01-02T17:23:03 IST">
          <reporter-output>
          </reporter-output>
        </test-method> <!-- browserLaunch -->
      </class> <!-- demo.project_today.LaunchBrowser -->
      <class name="demo.project_today.TestDemo3">
        <test-method status="PASS" signature="demo3()[pri:0, instance:demo.project_today.TestDemo3@1877ab81]" name="demo3" duration-ms="3" started-at="2022-01-02T17:23:06 IST" finished-at="2022-01-02T17:23:06 IST">
          <reporter-output>
          </reporter-output>
        </test-method> <!-- demo3 -->
      </class> <!-- demo.project_today.TestDemo3 -->
    </test> <!-- Test -->
  </suite> <!-- Suite -->
</testng-results>
